1642126693129	geckodriver	INFO	Listening on 127.0.0.1:53141
1642126695652	mozrunner::runner	INFO	Running command: "C:\\Program Files\\Mozilla Firefox\\firefox.exe" "--marionette" "-no-remote" "-profile" "C:\\Users\\Daniel.Why\\AppData\\Local\\Temp\\rust_mozprofileF6Zul1"
1642126697431	Marionette	INFO	Marionette enabled
console.warn: SearchSettings: "get: No settings file exists, new profile?" (new NotFoundError("Could not open the file at C:\\Users\\Daniel.Why\\AppData\\Local\\Temp\\rust_mozprofileF6Zul1\\search.json.mozlz4", (void 0)))
1642126700635	Marionette	INFO	Listening on port 53150
1642126700995	RemoteAgent	WARN	TLS certificate errors will be ignored for this session
JavaScript warning: http://static.geetest.com/static/js/geetest.6.0.9.js, line 1: unreachable code after return statement
JavaScript warning: http://static.geetest.com/static/js/geetest.6.0.9.js, line 1: unreachable code after return statement
JavaScript warning: http://static.geetest.com/static/js/geetest.6.0.9.js, line 1: unreachable code after return statement
JavaScript warning: http://static.geetest.com/static/js/geetest.6.0.9.js, line 1: unreachable code after return statement
JavaScript warning: http://static.geetest.com/static/js/geetest.6.0.9.js, line 1: unreachable code after return statement
JavaScript warning: http://static.geetest.com/static/js/geetest.6.0.9.js, line 1: unreachable code after return statement
JavaScript warning: http://static.geetest.com/static/js/geetest.6.0.9.js, line 1: unreachable code after return statement
JavaScript warning: http://static.geetest.com/static/js/geetest.6.0.9.js, line 1: unreachable code after return statement
JavaScript warning: http://static.geetest.com/static/js/geetest.6.0.9.js, line 1: unreachable code after return statement
JavaScript warning: http://static.geetest.com/static/js/geetest.6.0.9.js, line 1: unreachable code after return statement
JavaScript warning: http://static.geetest.com/static/js/geetest.6.0.9.js, line 1: unreachable code after return statement
JavaScript warning: http://static.geetest.com/static/js/geetest.6.0.9.js, line 1: unreachable code after return statement
JavaScript warning: http://static.geetest.com/static/js/geetest.6.0.9.js, line 1: unreachable code after return statement
JavaScript warning: http://static.geetest.com/static/js/geetest.6.0.9.js, line 1: unreachable code after return statement
JavaScript warning: http://static.geetest.com/static/js/geetest.6.0.9.js, line 1: unreachable code after return statement
JavaScript warning: http://static.geetest.com/static/js/geetest.6.0.9.js, line 1: unreachable code after return statement
JavaScript warning: http://static.geetest.com/static/js/geetest.6.0.9.js, line 1: unreachable code after return statement
JavaScript warning: http://static.geetest.com/static/js/geetest.6.0.9.js, line 1: unreachable code after return statement
JavaScript warning: http://static.geetest.com/static/js/geetest.6.0.9.js, line 1: unreachable code after return statement
JavaScript warning: http://static.geetest.com/static/js/geetest.6.0.9.js, line 1: unreachable code after return statement
JavaScript warning: http://static.geetest.com/static/js/geetest.6.0.9.js, line 1: unreachable code after return statement
JavaScript warning: http://static.geetest.com/static/js/geetest.6.0.9.js, line 1: unreachable code after return statement
JavaScript warning: http://static.geetest.com/static/js/geetest.6.0.9.js, line 1: unreachable code after return statement
JavaScript warning: http://static.geetest.com/static/js/geetest.6.0.9.js, line 1: unreachable code after return statement
JavaScript warning: http://static.geetest.com/static/js/geetest.6.0.9.js, line 1: unreachable code after return statement
JavaScript warning: http://static.geetest.com/static/js/geetest.6.0.9.js, line 1: unreachable code after return statement
JavaScript warning: http://static.geetest.com/static/js/geetest.6.0.9.js, line 1: unreachable code after return statement
JavaScript warning: http://static.geetest.com/static/js/geetest.6.0.9.js, line 1: unreachable code after return statement
JavaScript warning: http://static.geetest.com/static/js/geetest.6.0.9.js, line 1: unreachable code after return statement
JavaScript warning: http://static.geetest.com/static/js/geetest.6.0.9.js, line 1: unreachable code after return statement
JavaScript warning: http://static.geetest.com/static/js/geetest.6.0.9.js, line 1: unreachable code after return statement
JavaScript warning: http://static.geetest.com/static/js/geetest.6.0.9.js, line 1: unreachable code after return statement
JavaScript warning: http://static.geetest.com/static/js/geetest.6.0.9.js, line 1: unreachable code after return statement
JavaScript warning: http://static.geetest.com/static/js/geetest.6.0.9.js, line 1: unreachable code after return statement
JavaScript warning: http://static.geetest.com/static/js/geetest.6.0.9.js, line 1: unreachable code after return statement
JavaScript warning: http://static.geetest.com/static/js/geetest.6.0.9.js, line 1: unreachable code after return statement
JavaScript warning: http://static.geetest.com/static/js/geetest.6.0.9.js, line 1: unreachable code after return statement
JavaScript warning: http://static.geetest.com/static/js/geetest.6.0.9.js, line 1: unreachable code after return statement
JavaScript warning: http://static.geetest.com/static/js/geetest.6.0.9.js, line 1: unreachable code after return statement
JavaScript warning: http://static.geetest.com/static/js/geetest.6.0.9.js, line 1: unreachable code after return statement
JavaScript warning: http://static.geetest.com/static/js/geetest.6.0.9.js, line 1: unreachable code after return statement
JavaScript warning: http://static.geetest.com/static/js/geetest.6.0.9.js, line 1: unreachable code after return statement
JavaScript warning: http://static.geetest.com/static/js/geetest.6.0.9.js, line 1: unreachable code after return statement
JavaScript warning: http://static.geetest.com/static/js/geetest.6.0.9.js, line 1: unreachable code after return statement
JavaScript warning: http://static.geetest.com/static/js/geetest.6.0.9.js, line 1: unreachable code after return statement
JavaScript warning: http://static.geetest.com/static/js/geetest.6.0.9.js, line 1: unreachable code after return statement
JavaScript warning: http://static.geetest.com/static/js/geetest.6.0.9.js, line 1: unreachable code after return statement
JavaScript warning: http://static.geetest.com/static/js/geetest.6.0.9.js, line 1: unreachable code after return statement
JavaScript warning: http://static.geetest.com/static/js/geetest.6.0.9.js, line 1: unreachable code after return statement
JavaScript warning: http://static.geetest.com/static/js/geetest.6.0.9.js, line 1: unreachable code after return statement
JavaScript warning: http://static.geetest.com/static/js/geetest.6.0.9.js, line 1: unreachable code after return statement
JavaScript warning: http://static.geetest.com/static/js/geetest.6.0.9.js, line 1: unreachable code after return statement
JavaScript warning: http://static.geetest.com/static/js/geetest.6.0.9.js, line 1: unreachable code after return statement
JavaScript warning: http://static.geetest.com/static/js/geetest.6.0.9.js, line 1: unreachable code after return statement
JavaScript warning: http://static.geetest.com/static/js/geetest.6.0.9.js, line 1: unreachable code after return statement
JavaScript warning: http://static.geetest.com/static/js/geetest.6.0.9.js, line 1: unreachable code after return statement
JavaScript warning: http://static.geetest.com/static/js/geetest.6.0.9.js, line 1: unreachable code after return statement
JavaScript warning: http://static.geetest.com/static/js/geetest.6.0.9.js, line 1: unreachable code after return statement
JavaScript warning: http://static.geetest.com/static/js/geetest.6.0.9.js, line 1: unreachable code after return statement
JavaScript warning: http://static.geetest.com/static/js/geetest.6.0.9.js, line 1: unreachable code after return statement
JavaScript warning: http://static.geetest.com/static/js/geetest.6.0.9.js, line 1: unreachable code after return statement
JavaScript warning: http://static.geetest.com/static/js/geetest.6.0.9.js, line 1: unreachable code after return statement
JavaScript warning: http://static.geetest.com/static/js/geetest.6.0.9.js, line 1: unreachable code after return statement
JavaScript warning: http://static.geetest.com/static/js/geetest.6.0.9.js, line 1: unreachable code after return statement
JavaScript warning: http://static.geetest.com/static/js/geetest.6.0.9.js, line 1: unreachable code after return statement
JavaScript warning: http://static.geetest.com/static/js/geetest.6.0.9.js, line 1: unreachable code after return statement
JavaScript warning: http://static.geetest.com/static/js/geetest.6.0.9.js, line 1: unreachable code after return statement
JavaScript warning: http://static.geetest.com/static/js/geetest.6.0.9.js, line 1: unreachable code after return statement
JavaScript warning: http://static.geetest.com/static/js/geetest.6.0.9.js, line 1: unreachable code after return statement
JavaScript warning: http://static.geetest.com/static/js/geetest.6.0.9.js, line 1: unreachable code after return statement
JavaScript warning: http://static.geetest.com/static/js/geetest.6.0.9.js, line 1: unreachable code after return statement
JavaScript warning: http://static.geetest.com/static/js/geetest.6.0.9.js, line 1: unreachable code after return statement
JavaScript warning: http://static.geetest.com/static/js/geetest.6.0.9.js, line 1: unreachable code after return statement
JavaScript warning: http://static.geetest.com/static/js/geetest.6.0.9.js, line 1: unreachable code after return statement
JavaScript warning: http://static.geetest.com/static/js/geetest.6.0.9.js, line 1: unreachable code after return statement
JavaScript warning: http://static.geetest.com/static/js/geetest.6.0.9.js, line 1: unreachable code after return statement
JavaScript warning: http://static.geetest.com/static/js/geetest.6.0.9.js, line 1: unreachable code after return statement
JavaScript warning: http://static.geetest.com/static/js/geetest.6.0.9.js, line 1: unreachable code after return statement
JavaScript warning: http://static.geetest.com/static/js/geetest.6.0.9.js, line 1: unreachable code after return statement
JavaScript warning: http://static.geetest.com/static/js/geetest.6.0.9.js, line 1: unreachable code after return statement
JavaScript warning: http://static.geetest.com/static/js/geetest.6.0.9.js, line 1: unreachable code after return statement
JavaScript warning: http://static.geetest.com/static/js/geetest.6.0.9.js, line 1: unreachable code after return statement
JavaScript warning: http://static.geetest.com/static/js/geetest.6.0.9.js, line 1: unreachable code after return statement
JavaScript warning: http://static.geetest.com/static/js/geetest.6.0.9.js, line 1: unreachable code after return statement
JavaScript warning: http://static.geetest.com/static/js/geetest.6.0.9.js, line 1: unreachable code after return statement
JavaScript warning: http://static.geetest.com/static/js/geetest.6.0.9.js, line 1: unreachable code after return statement
JavaScript warning: http://static.geetest.com/static/js/geetest.6.0.9.js, line 1: unreachable code after return statement
JavaScript warning: http://static.geetest.com/static/js/geetest.6.0.9.js, line 1: unreachable code after return statement
JavaScript warning: http://static.geetest.com/static/js/geetest.6.0.9.js, line 1: unreachable code after return statement
JavaScript warning: http://static.geetest.com/static/js/geetest.6.0.9.js, line 1: unreachable code after return statement
JavaScript warning: http://static.geetest.com/static/js/geetest.6.0.9.js, line 1: unreachable code after return statement
JavaScript warning: http://static.geetest.com/static/js/geetest.6.0.9.js, line 1: unreachable code after return statement
JavaScript warning: http://static.geetest.com/static/js/geetest.6.0.9.js, line 1: unreachable code after return statement
JavaScript warning: http://static.geetest.com/static/js/geetest.6.0.9.js, line 1: unreachable code after return statement
JavaScript warning: http://static.geetest.com/static/js/geetest.6.0.9.js, line 1: unreachable code after return statement
JavaScript warning: http://static.geetest.com/static/js/geetest.6.0.9.js, line 1: unreachable code after return statement
JavaScript warning: http://static.geetest.com/static/js/geetest.6.0.9.js, line 1: unreachable code after return statement
JavaScript warning: http://static.geetest.com/static/js/geetest.6.0.9.js, line 1: unreachable code after return statement
JavaScript warning: http://static.geetest.com/static/js/geetest.6.0.9.js, line 1: unreachable code after return statement
JavaScript warning: http://static.geetest.com/static/js/geetest.6.0.9.js, line 1: unreachable code after return statement
JavaScript warning: http://static.geetest.com/static/js/geetest.6.0.9.js, line 1: unreachable code after return statement
JavaScript warning: http://static.geetest.com/static/js/geetest.6.0.9.js, line 1: unreachable code after return statement
JavaScript warning: http://static.geetest.com/static/js/geetest.6.0.9.js, line 1: unreachable code after return statement
JavaScript warning: http://static.geetest.com/static/js/geetest.6.0.9.js, line 1: unreachable code after return statement
JavaScript warning: http://static.geetest.com/static/js/geetest.6.0.9.js, line 1: unreachable code after return statement
JavaScript warning: http://static.geetest.com/static/js/geetest.6.0.9.js, line 1: unreachable code after return statement
JavaScript warning: http://static.geetest.com/static/js/geetest.6.0.9.js, line 1: unreachable code after return statement
JavaScript warning: http://static.geetest.com/static/js/geetest.6.0.9.js, line 1: unreachable code after return statement
JavaScript warning: http://static.geetest.com/static/js/geetest.6.0.9.js, line 1: unreachable code after return statement
JavaScript warning: http://static.geetest.com/static/js/geetest.6.0.9.js, line 1: unreachable code after return statement
JavaScript warning: http://static.geetest.com/static/js/geetest.6.0.9.js, line 1: unreachable code after return statement
JavaScript warning: http://static.geetest.com/static/js/geetest.6.0.9.js, line 1: unreachable code after return statement
JavaScript warning: http://static.geetest.com/static/js/geetest.6.0.9.js, line 1: unreachable code after return statement
JavaScript warning: http://static.geetest.com/static/js/geetest.6.0.9.js, line 1: unreachable code after return statement
JavaScript warning: http://static.geetest.com/static/js/geetest.6.0.9.js, line 1: unreachable code after return statement
JavaScript warning: http://static.geetest.com/static/js/geetest.6.0.9.js, line 1: unreachable code after return statement
JavaScript warning: http://static.geetest.com/static/js/geetest.6.0.9.js, line 1: unreachable code after return statement
JavaScript warning: http://static.geetest.com/static/js/geetest.6.0.9.js, line 1: unreachable code after return statement
JavaScript warning: http://static.geetest.com/static/js/geetest.6.0.9.js, line 1: unreachable code after return statement
JavaScript warning: http://static.geetest.com/static/js/geetest.6.0.9.js, line 1: unreachable code after return statement
JavaScript warning: http://static.geetest.com/static/js/geetest.6.0.9.js, line 1: unreachable code after return statement
JavaScript warning: http://static.geetest.com/static/js/geetest.6.0.9.js, line 1: unreachable code after return statement
JavaScript warning: http://static.geetest.com/static/js/geetest.6.0.9.js, line 1: unreachable code after return statement
JavaScript warning: http://static.geetest.com/static/js/geetest.6.0.9.js, line 1: unreachable code after return statement
JavaScript warning: http://static.geetest.com/static/js/geetest.6.0.9.js, line 1: unreachable code after return statement
JavaScript warning: http://static.geetest.com/static/js/geetest.6.0.9.js, line 1: unreachable code after return statement
JavaScript warning: http://static.geetest.com/static/js/geetest.6.0.9.js, line 1: unreachable code after return statement
JavaScript warning: http://static.geetest.com/static/js/geetest.6.0.9.js, line 1: unreachable code after return statement
JavaScript warning: http://static.geetest.com/static/js/geetest.6.0.9.js, line 1: unreachable code after return statement
JavaScript warning: http://static.geetest.com/static/js/geetest.6.0.9.js, line 1: unreachable code after return statement
JavaScript warning: http://static.geetest.com/static/js/geetest.6.0.9.js, line 1: unreachable code after return statement
JavaScript warning: http://static.geetest.com/static/js/geetest.6.0.9.js, line 1: unreachable code after return statement
JavaScript warning: http://static.geetest.com/static/js/geetest.6.0.9.js, line 1: unreachable code after return statement
JavaScript warning: http://static.geetest.com/static/js/geetest.6.0.9.js, line 1: unreachable code after return statement
JavaScript warning: http://static.geetest.com/static/js/geetest.6.0.9.js, line 1: unreachable code after return statement
JavaScript warning: http://static.geetest.com/static/js/geetest.6.0.9.js, line 1: unreachable code after return statement
JavaScript warning: http://static.geetest.com/static/js/geetest.6.0.9.js, line 1: unreachable code after return statement
JavaScript warning: http://static.geetest.com/static/js/geetest.6.0.9.js, line 1: unreachable code after return statement
JavaScript warning: http://static.geetest.com/static/js/geetest.6.0.9.js, line 1: unreachable code after return statement
JavaScript warning: http://static.geetest.com/static/js/geetest.6.0.9.js, line 1: unreachable code after return statement
JavaScript warning: http://static.geetest.com/static/js/geetest.6.0.9.js, line 1: unreachable code after return statement
JavaScript warning: http://static.geetest.com/static/js/geetest.6.0.9.js, line 1: unreachable code after return statement
JavaScript warning: http://static.geetest.com/static/js/geetest.6.0.9.js, line 1: unreachable code after return statement
JavaScript warning: http://static.geetest.com/static/js/geetest.6.0.9.js, line 1: unreachable code after return statement
JavaScript warning: http://static.geetest.com/static/js/geetest.6.0.9.js, line 1: unreachable code after return statement
JavaScript warning: http://static.geetest.com/static/js/geetest.6.0.9.js, line 1: unreachable code after return statement
JavaScript warning: http://static.geetest.com/static/js/geetest.6.0.9.js, line 1: unreachable code after return statement
JavaScript warning: http://static.geetest.com/static/js/geetest.6.0.9.js, line 1: unreachable code after return statement
JavaScript warning: http://static.geetest.com/static/js/geetest.6.0.9.js, line 1: unreachable code after return statement
JavaScript warning: http://static.geetest.com/static/js/geetest.6.0.9.js, line 1: unreachable code after return statement
JavaScript warning: http://static.geetest.com/static/js/geetest.6.0.9.js, line 1: unreachable code after return statement
JavaScript warning: http://static.geetest.com/static/js/geetest.6.0.9.js, line 1: unreachable code after return statement
JavaScript warning: http://static.geetest.com/static/js/geetest.6.0.9.js, line 1: unreachable code after return statement
JavaScript warning: http://static.geetest.com/static/js/geetest.6.0.9.js, line 1: unreachable code after return statement
JavaScript warning: http://static.geetest.com/static/js/geetest.6.0.9.js, line 1: unreachable code after return statement
JavaScript warning: http://static.geetest.com/static/js/geetest.6.0.9.js, line 1: unreachable code after return statement
JavaScript warning: http://static.geetest.com/static/js/geetest.6.0.9.js, line 1: unreachable code after return statement
JavaScript warning: http://static.geetest.com/static/js/geetest.6.0.9.js, line 1: unreachable code after return statement
JavaScript warning: http://static.geetest.com/static/js/geetest.6.0.9.js, line 1: unreachable code after return statement
JavaScript warning: http://static.geetest.com/static/js/geetest.6.0.9.js, line 1: unreachable code after return statement
JavaScript warning: http://static.geetest.com/static/js/geetest.6.0.9.js, line 1: unreachable code after return statement
JavaScript warning: http://static.geetest.com/static/js/geetest.6.0.9.js, line 1: unreachable code after return statement
JavaScript warning: http://static.geetest.com/static/js/geetest.6.0.9.js, line 1: unreachable code after return statement
JavaScript warning: http://static.geetest.com/static/js/geetest.6.0.9.js, line 1: unreachable code after return statement
JavaScript warning: http://static.geetest.com/static/js/geetest.6.0.9.js, line 1: unreachable code after return statement
JavaScript warning: http://static.geetest.com/static/js/geetest.6.0.9.js, line 1: unreachable code after return statement
JavaScript warning: http://static.geetest.com/static/js/geetest.6.0.9.js, line 1: unreachable code after return statement
JavaScript warning: http://static.geetest.com/static/js/geetest.6.0.9.js, line 1: unreachable code after return statement
JavaScript warning: http://static.geetest.com/static/js/geetest.6.0.9.js, line 1: unreachable code after return statement
JavaScript warning: http://static.geetest.com/static/js/geetest.6.0.9.js, line 1: unreachable code after return statement
JavaScript warning: http://static.geetest.com/static/js/geetest.6.0.9.js, line 1: unreachable code after return statement
JavaScript warning: http://static.geetest.com/static/js/geetest.6.0.9.js, line 1: unreachable code after return statement
JavaScript warning: http://static.geetest.com/static/js/geetest.6.0.9.js, line 1: unreachable code after return statement
JavaScript warning: http://static.geetest.com/static/js/geetest.6.0.9.js, line 1: unreachable code after return statement
JavaScript warning: http://static.geetest.com/static/js/geetest.6.0.9.js, line 1: unreachable code after return statement
JavaScript warning: http://static.geetest.com/static/js/geetest.6.0.9.js, line 1: unreachable code after return statement
JavaScript warning: http://static.geetest.com/static/js/geetest.6.0.9.js, line 1: unreachable code after return statement
1642126736438	Marionette	INFO	Stopped listening on port 53150

###!!! [Parent][RunMessage] Error: Channel closing: too late to send/recv, messages will be lost

